Using pre-set license
Built from '2020.3/staging' branch; Version is '2020.3.4f1 (0abb6314276a) revision 703331'; Using compiler version '192528614'; Build Type 'Release'
OS: 'Windows 10 Pro; OS build 19042.985; Version 2009; 64bit' Language: 'en' Physical Memory: 16299 MB
BatchMode: 1, IsHumanControllingUs: 0, StartBugReporterOnCrash: 0, Is64bit: 1, IsPro: 0

 COMMAND LINE ARGUMENTS:
D:\Program Files\Unity\2020.3.4f1\Editor\Unity.exe
-adb2
-batchMode
-noUpm
-name
AssetImportWorker0
-projectPath
D:/XR/Unity/First Person
-logFile
Logs/AssetImportWorker0.log
-srvPort
50915
Successfully changed project path to: D:/XR/Unity/First Person
D:/XR/Unity/First Person
Using Asset Import Pipeline V2.
Refreshing native plugins compatible for Editor in 53.24 ms, found 0 plugins.
Preloading 0 native plugins for Editor in 0.00 ms.
Initialize engine version: 2020.3.4f1 (0abb6314276a)
[Subsystems] Discovering subsystems at path D:/Program Files/Unity/2020.3.4f1/Editor/Data/Resources/UnitySubsystems
[Subsystems] Discovering subsystems at path D:/XR/Unity/First Person/Assets
GfxDevice: creating device client; threaded=0
Direct3D:
    Version:  Direct3D 11.0 [level 11.1]
    Renderer: AMD FirePro M6100 (ID=0x6646)
    Vendor:   
    VRAM:     2024 MB
    Driver:   27.20.11027.5002
Shader 'Custom/RainShader': fallback shader 'Particles/Alpha Blended' not found
Initialize mono
Mono path[0] = 'D:/Program Files/Unity/2020.3.4f1/Editor/Data/Managed'
Mono path[1] = 'D:/Program Files/Unity/2020.3.4f1/Editor/Data/MonoBleedingEdge/lib/mono/unityjit'
Mono config path = 'D:/Program Files/Unity/2020.3.4f1/Editor/Data/MonoBleedingEdge/etc'
Using monoOptions --debugger-agent=transport=dt_socket,embedding=1,server=y,suspend=n,address=127.0.0.1:56628
Begin MonoManager ReloadAssembly
Registering precompiled unity dll's ...
Register platform support module: D:/Program Files/Unity/2020.3.4f1/Editor/Data/PlaybackEngines/WindowsStandaloneSupport/UnityEditor.WindowsStandalone.Extensions.dll
Registered in 0.001707 seconds.
Native extension for WindowsStandalone target not found
Refreshing native plugins compatible for Editor in 63.20 ms, found 0 plugins.
Preloading 0 native plugins for Editor in 0.00 ms.
Mono: successfully reloaded assembly
- Completed reload, in  4.041 seconds
Platform modules already initialized, skipping
Registering precompiled user dll's ...
Registered in 0.001107 seconds.
Begin MonoManager ReloadAssembly
Native extension for WindowsStandalone target not found
Refreshing native plugins compatible for Editor in 54.63 ms, found 0 plugins.
Preloading 0 native plugins for Editor in 0.00 ms.
Mono: successfully reloaded assembly
- Completed reload, in  1.522 seconds
Platform modules already initialized, skipping
========================================================================
Worker process is ready to serve import requests
Shader 'Custom/RainShader': fallback shader 'Particles/Alpha Blended' not found
Launched and connected shader compiler UnityShaderCompiler.exe after 0.06 seconds
Refreshing native plugins compatible for Editor in 0.45 ms, found 0 plugins.
Preloading 0 native plugins for Editor in 0.00 ms.
Unloading 1554 Unused Serialized files (Serialized files now loaded: 0)
System memory in use before: 101.1 MB.
System memory in use after: 101.2 MB.

Unloading 12 unused Assets to reduce memory usage. Loaded Objects now: 2033.
Total: 3.203800 ms (FindLiveObjects: 0.392200 ms CreateObjectMapping: 0.196500 ms MarkObjects: 2.457500 ms  DeleteObjects: 0.155300 ms)

========================================================================
Received Import Request.
  path: Assets/Scripts/ZoombieLook.cs
  artifactKey: Guid(d17a2b05a8e113c449d49bede46dff9b) Importer(815301076,1909f56bfc062723c751e8b465ee728b)
Start importing Assets/Scripts/ZoombieLook.cs using Guid(d17a2b05a8e113c449d49bede46dff9b) Importer(815301076,1909f56bfc062723c751e8b465ee728b)  -> (artifact id: 'da8d24f889152b9f94421b0cee5a2f4c') in 0.238063 seconds
  Import took 0.260365 seconds .

========================================================================
Received Import Request.
  Time since last request: 0.000534 seconds.
  path: Assets/Scripts/ZombieLookAtPlayer.cs
  artifactKey: Guid(f21d6bba708bf0640b913570ad460410) Importer(815301076,1909f56bfc062723c751e8b465ee728b)
Start importing Assets/Scripts/ZombieLookAtPlayer.cs using Guid(f21d6bba708bf0640b913570ad460410) Importer(815301076,1909f56bfc062723c751e8b465ee728b)  -> (artifact id: '5d2e90edfd4d628f6e76af950bc4c453') in 0.009632 seconds
  Import took 0.013942 seconds .

========================================================================
Received Import Request.
  Time since last request: 280.896199 seconds.
  path: Assets/Scripts/ZoombieLook.cs
  artifactKey: Guid(d17a2b05a8e113c449d49bede46dff9b) Importer(815301076,1909f56bfc062723c751e8b465ee728b)
Start importing Assets/Scripts/ZoombieLook.cs using Guid(d17a2b05a8e113c449d49bede46dff9b) Importer(815301076,1909f56bfc062723c751e8b465ee728b)  -> (artifact id: '4b7725c60309a6edb38ad60642533633') in 0.003329 seconds
  Import took 0.007940 seconds .

========================================================================
Received Prepare
Registering precompiled user dll's ...
Registered in 0.001491 seconds.
Begin MonoManager ReloadAssembly
Native extension for WindowsStandalone target not found
Refreshing native plugins compatible for Editor in 0.80 ms, found 0 plugins.
Preloading 0 native plugins for Editor in 0.00 ms.
Mono: successfully reloaded assembly
- Completed reload, in  1.565 seconds
Platform modules already initialized, skipping
Shader 'Custom/RainShader': fallback shader 'Particles/Alpha Blended' not found
Refreshing native plugins compatible for Editor in 0.45 ms, found 0 plugins.
Preloading 0 native plugins for Editor in 0.00 ms.
Unloading 1515 Unused Serialized files (Serialized files now loaded: 0)
System memory in use before: 97.9 MB.
System memory in use after: 98.0 MB.

Unloading 5 unused Assets to reduce memory usage. Loaded Objects now: 2036.
Total: 3.075000 ms (FindLiveObjects: 0.211300 ms CreateObjectMapping: 0.075500 ms MarkObjects: 2.679200 ms  DeleteObjects: 0.107400 ms)

========================================================================
Received Prepare
Registering precompiled user dll's ...
Registered in 0.001092 seconds.
Begin MonoManager ReloadAssembly
Native extension for WindowsStandalone target not found
Refreshing native plugins compatible for Editor in 0.46 ms, found 0 plugins.
Preloading 0 native plugins for Editor in 0.00 ms.
Mono: successfully reloaded assembly
- Completed reload, in  1.336 seconds
Platform modules already initialized, skipping
Shader 'Custom/RainShader': fallback shader 'Particles/Alpha Blended' not found
Refreshing native plugins compatible for Editor in 0.45 ms, found 0 plugins.
Preloading 0 native plugins for Editor in 0.00 ms.
Unloading 1515 Unused Serialized files (Serialized files now loaded: 0)
System memory in use before: 97.9 MB.
System memory in use after: 98.0 MB.

Unloading 5 unused Assets to reduce memory usage. Loaded Objects now: 2039.
Total: 2.847500 ms (FindLiveObjects: 0.238200 ms CreateObjectMapping: 0.075400 ms MarkObjects: 2.424000 ms  DeleteObjects: 0.107700 ms)

========================================================================
Received Import Request.
  Time since last request: 402.937179 seconds.
  path: Assets/Scripts/ZoombieLook.cs
  artifactKey: Guid(d17a2b05a8e113c449d49bede46dff9b) Importer(815301076,1909f56bfc062723c751e8b465ee728b)
Start importing Assets/Scripts/ZoombieLook.cs using Guid(d17a2b05a8e113c449d49bede46dff9b) Importer(815301076,1909f56bfc062723c751e8b465ee728b)  -> (artifact id: 'f5c49b34533ad29420f2ab086d6010fa') in 0.006761 seconds
  Import took 0.010916 seconds .

========================================================================
Received Prepare
Registering precompiled user dll's ...
Registered in 0.001695 seconds.
Begin MonoManager ReloadAssembly
Native extension for WindowsStandalone target not found
Refreshing native plugins compatible for Editor in 0.47 ms, found 0 plugins.
Preloading 0 native plugins for Editor in 0.00 ms.
Mono: successfully reloaded assembly
- Completed reload, in  1.389 seconds
Platform modules already initialized, skipping
Shader 'Custom/RainShader': fallback shader 'Particles/Alpha Blended' not found
Refreshing native plugins compatible for Editor in 0.46 ms, found 0 plugins.
Preloading 0 native plugins for Editor in 0.00 ms.
Unloading 1515 Unused Serialized files (Serialized files now loaded: 0)
System memory in use before: 98.0 MB.
System memory in use after: 98.0 MB.

Unloading 5 unused Assets to reduce memory usage. Loaded Objects now: 2042.
Total: 3.063900 ms (FindLiveObjects: 0.350200 ms CreateObjectMapping: 0.103100 ms MarkObjects: 2.507600 ms  DeleteObjects: 0.100800 ms)

========================================================================
Received Import Request.
  Time since last request: 23.754329 seconds.
  path: Assets/Scripts/ZoombieLook.cs
  artifactKey: Guid(d17a2b05a8e113c449d49bede46dff9b) Importer(815301076,1909f56bfc062723c751e8b465ee728b)
Start importing Assets/Scripts/ZoombieLook.cs using Guid(d17a2b05a8e113c449d49bede46dff9b) Importer(815301076,1909f56bfc062723c751e8b465ee728b)  -> (artifact id: 'a6430b0e79c513dfbba28be419d9c410') in 0.009698 seconds
  Import took 0.014438 seconds .

========================================================================
Received Prepare
Registering precompiled user dll's ...
Registered in 0.001023 seconds.
Begin MonoManager ReloadAssembly
Native extension for WindowsStandalone target not found
Refreshing native plugins compatible for Editor in 0.45 ms, found 0 plugins.
Preloading 0 native plugins for Editor in 0.00 ms.
Mono: successfully reloaded assembly
- Completed reload, in  1.307 seconds
Platform modules already initialized, skipping
Shader 'Custom/RainShader': fallback shader 'Particles/Alpha Blended' not found
Refreshing native plugins compatible for Editor in 0.45 ms, found 0 plugins.
Preloading 0 native plugins for Editor in 0.00 ms.
Unloading 1515 Unused Serialized files (Serialized files now loaded: 0)
System memory in use before: 98.0 MB.
System memory in use after: 98.1 MB.

Unloading 5 unused Assets to reduce memory usage. Loaded Objects now: 2045.
Total: 2.840100 ms (FindLiveObjects: 0.220800 ms CreateObjectMapping: 0.073300 ms MarkObjects: 2.444600 ms  DeleteObjects: 0.099800 ms)

========================================================================
Received Import Request.
  Time since last request: 176.397635 seconds.
  path: Assets/Scripts/ZoombieLook.cs
  artifactKey: Guid(d17a2b05a8e113c449d49bede46dff9b) Importer(815301076,1909f56bfc062723c751e8b465ee728b)
Start importing Assets/Scripts/ZoombieLook.cs using Guid(d17a2b05a8e113c449d49bede46dff9b) Importer(815301076,1909f56bfc062723c751e8b465ee728b)  -> (artifact id: '1c28ff2a5c8639100dadab76f14c40f4') in 0.009832 seconds
  Import took 0.013535 seconds .

========================================================================
Received Import Request.
  Time since last request: 84.598222 seconds.
  path: Assets/Zombie/Animations/Zombie.controller
  artifactKey: Guid(2ef8e6599b7f9934e8ff0d64c5325a1f) Importer(815301076,1909f56bfc062723c751e8b465ee728b)
Start importing Assets/Zombie/Animations/Zombie.controller using Guid(2ef8e6599b7f9934e8ff0d64c5325a1f) Importer(815301076,1909f56bfc062723c751e8b465ee728b)  -> (artifact id: '427a7d04e56fe7e8851d98c30c97fee8') in 0.098659 seconds
  Import took 0.103209 seconds .

========================================================================
Received Import Request.
  Time since last request: 0.182316 seconds.
  path: Assets/Zombie/Animations/Zombie.controller
  artifactKey: Guid(2ef8e6599b7f9934e8ff0d64c5325a1f) Importer(815301076,1909f56bfc062723c751e8b465ee728b)
Start importing Assets/Zombie/Animations/Zombie.controller using Guid(2ef8e6599b7f9934e8ff0d64c5325a1f) Importer(815301076,1909f56bfc062723c751e8b465ee728b)  -> (artifact id: '427a7d04e56fe7e8851d98c30c97fee8') in 0.084396 seconds
  Import took 0.090104 seconds .

========================================================================
Received Prepare
Registering precompiled user dll's ...
Registered in 0.001689 seconds.
Begin MonoManager ReloadAssembly
Native extension for WindowsStandalone target not found
Refreshing native plugins compatible for Editor in 0.46 ms, found 0 plugins.
Preloading 0 native plugins for Editor in 0.00 ms.
Mono: successfully reloaded assembly
- Completed reload, in  1.266 seconds
Platform modules already initialized, skipping
Shader 'Custom/RainShader': fallback shader 'Particles/Alpha Blended' not found
Refreshing native plugins compatible for Editor in 0.47 ms, found 0 plugins.
Preloading 0 native plugins for Editor in 0.00 ms.
Unloading 1515 Unused Serialized files (Serialized files now loaded: 0)
System memory in use before: 98.0 MB.
System memory in use after: 98.1 MB.

Unloading 5 unused Assets to reduce memory usage. Loaded Objects now: 2048.
Total: 3.025200 ms (FindLiveObjects: 0.207500 ms CreateObjectMapping: 0.073000 ms MarkObjects: 2.643700 ms  DeleteObjects: 0.100000 ms)

========================================================================
Received Prepare
Registering precompiled user dll's ...
Registered in 0.001193 seconds.
Begin MonoManager ReloadAssembly
Native extension for WindowsStandalone target not found
Refreshing native plugins compatible for Editor in 0.45 ms, found 0 plugins.
Preloading 0 native plugins for Editor in 0.00 ms.
Mono: successfully reloaded assembly
- Completed reload, in  1.313 seconds
Platform modules already initialized, skipping
Shader 'Custom/RainShader': fallback shader 'Particles/Alpha Blended' not found
Refreshing native plugins compatible for Editor in 0.45 ms, found 0 plugins.
Preloading 0 native plugins for Editor in 0.00 ms.
Unloading 1515 Unused Serialized files (Serialized files now loaded: 0)
System memory in use before: 98.0 MB.
System memory in use after: 98.1 MB.

Unloading 5 unused Assets to reduce memory usage. Loaded Objects now: 2051.
Total: 2.805800 ms (FindLiveObjects: 0.213200 ms CreateObjectMapping: 0.076000 ms MarkObjects: 2.403400 ms  DeleteObjects: 0.111900 ms)

========================================================================
Received Prepare
Registering precompiled user dll's ...
Registered in 0.001056 seconds.
Begin MonoManager ReloadAssembly
Native extension for WindowsStandalone target not found
Refreshing native plugins compatible for Editor in 0.45 ms, found 0 plugins.
Preloading 0 native plugins for Editor in 0.00 ms.
Mono: successfully reloaded assembly
- Completed reload, in  1.377 seconds
Platform modules already initialized, skipping
Shader 'Custom/RainShader': fallback shader 'Particles/Alpha Blended' not found
Refreshing native plugins compatible for Editor in 0.44 ms, found 0 plugins.
Preloading 0 native plugins for Editor in 0.00 ms.
Unloading 1515 Unused Serialized files (Serialized files now loaded: 0)
System memory in use before: 98.0 MB.
System memory in use after: 98.1 MB.

Unloading 5 unused Assets to reduce memory usage. Loaded Objects now: 2054.
Total: 2.725200 ms (FindLiveObjects: 0.201700 ms CreateObjectMapping: 0.074500 ms MarkObjects: 2.352000 ms  DeleteObjects: 0.095800 ms)

========================================================================
Received Prepare
Registering precompiled user dll's ...
Registered in 0.001164 seconds.
Begin MonoManager ReloadAssembly
Native extension for WindowsStandalone target not found
Refreshing native plugins compatible for Editor in 0.44 ms, found 0 plugins.
Preloading 0 native plugins for Editor in 0.00 ms.
Mono: successfully reloaded assembly
- Completed reload, in  1.351 seconds
Platform modules already initialized, skipping
Shader 'Custom/RainShader': fallback shader 'Particles/Alpha Blended' not found
Refreshing native plugins compatible for Editor in 0.45 ms, found 0 plugins.
Preloading 0 native plugins for Editor in 0.00 ms.
Unloading 1515 Unused Serialized files (Serialized files now loaded: 0)
System memory in use before: 98.0 MB.
System memory in use after: 98.1 MB.

Unloading 5 unused Assets to reduce memory usage. Loaded Objects now: 2057.
Total: 2.967300 ms (FindLiveObjects: 0.271900 ms CreateObjectMapping: 0.140200 ms MarkObjects: 2.455600 ms  DeleteObjects: 0.098200 ms)

========================================================================
Received Prepare
Registering precompiled user dll's ...
Registered in 0.001092 seconds.
Begin MonoManager ReloadAssembly
Native extension for WindowsStandalone target not found
Refreshing native plugins compatible for Editor in 0.45 ms, found 0 plugins.
Preloading 0 native plugins for Editor in 0.00 ms.
Mono: successfully reloaded assembly
- Completed reload, in  1.435 seconds
Platform modules already initialized, skipping
Shader 'Custom/RainShader': fallback shader 'Particles/Alpha Blended' not found
Refreshing native plugins compatible for Editor in 0.45 ms, found 0 plugins.
Preloading 0 native plugins for Editor in 0.00 ms.
Unloading 1515 Unused Serialized files (Serialized files now loaded: 0)
System memory in use before: 98.0 MB.
System memory in use after: 98.1 MB.

Unloading 5 unused Assets to reduce memory usage. Loaded Objects now: 2060.
Total: 4.410000 ms (FindLiveObjects: 0.315100 ms CreateObjectMapping: 0.082900 ms MarkObjects: 3.865900 ms  DeleteObjects: 0.144000 ms)

========================================================================
Received Prepare
Registering precompiled user dll's ...
Registered in 0.001060 seconds.
Begin MonoManager ReloadAssembly
Native extension for WindowsStandalone target not found
Refreshing native plugins compatible for Editor in 0.48 ms, found 0 plugins.
Preloading 0 native plugins for Editor in 0.00 ms.
Mono: successfully reloaded assembly
- Completed reload, in  1.333 seconds
Platform modules already initialized, skipping
Shader 'Custom/RainShader': fallback shader 'Particles/Alpha Blended' not found
Refreshing native plugins compatible for Editor in 0.45 ms, found 0 plugins.
Preloading 0 native plugins for Editor in 0.00 ms.
Unloading 1515 Unused Serialized files (Serialized files now loaded: 0)
System memory in use before: 98.0 MB.
System memory in use after: 98.1 MB.

Unloading 5 unused Assets to reduce memory usage. Loaded Objects now: 2063.
Total: 3.042900 ms (FindLiveObjects: 0.216700 ms CreateObjectMapping: 0.076500 ms MarkObjects: 2.641600 ms  DeleteObjects: 0.107100 ms)

========================================================================
Received Prepare
Registering precompiled user dll's ...
Registered in 0.001089 seconds.
Begin MonoManager ReloadAssembly
Native extension for WindowsStandalone target not found
Refreshing native plugins compatible for Editor in 0.46 ms, found 0 plugins.
Preloading 0 native plugins for Editor in 0.00 ms.
Mono: successfully reloaded assembly
- Completed reload, in  1.315 seconds
Platform modules already initialized, skipping
Shader 'Custom/RainShader': fallback shader 'Particles/Alpha Blended' not found
Refreshing native plugins compatible for Editor in 0.45 ms, found 0 plugins.
Preloading 0 native plugins for Editor in 0.00 ms.
Unloading 1515 Unused Serialized files (Serialized files now loaded: 0)
System memory in use before: 98.1 MB.
System memory in use after: 98.1 MB.

Unloading 5 unused Assets to reduce memory usage. Loaded Objects now: 2066.
Total: 2.568000 ms (FindLiveObjects: 0.231400 ms CreateObjectMapping: 0.078900 ms MarkObjects: 2.155000 ms  DeleteObjects: 0.101500 ms)

========================================================================
Received Prepare
Registering precompiled user dll's ...
Registered in 0.001053 seconds.
Begin MonoManager ReloadAssembly
Native extension for WindowsStandalone target not found
Refreshing native plugins compatible for Editor in 0.44 ms, found 0 plugins.
Preloading 0 native plugins for Editor in 0.00 ms.
Mono: successfully reloaded assembly
- Completed reload, in  1.336 seconds
Platform modules already initialized, skipping
Shader 'Custom/RainShader': fallback shader 'Particles/Alpha Blended' not found
Refreshing native plugins compatible for Editor in 0.47 ms, found 0 plugins.
Preloading 0 native plugins for Editor in 0.00 ms.
Unloading 1515 Unused Serialized files (Serialized files now loaded: 0)
System memory in use before: 98.1 MB.
System memory in use after: 98.1 MB.

Unloading 5 unused Assets to reduce memory usage. Loaded Objects now: 2069.
Total: 2.917400 ms (FindLiveObjects: 0.251600 ms CreateObjectMapping: 0.078000 ms MarkObjects: 2.480300 ms  DeleteObjects: 0.105900 ms)

========================================================================
Received Prepare
Registering precompiled user dll's ...
Registered in 0.001395 seconds.
Begin MonoManager ReloadAssembly
Native extension for WindowsStandalone target not found
Refreshing native plugins compatible for Editor in 0.46 ms, found 0 plugins.
Preloading 0 native plugins for Editor in 0.00 ms.
Mono: successfully reloaded assembly
- Completed reload, in  1.330 seconds
Platform modules already initialized, skipping
Shader 'Custom/RainShader': fallback shader 'Particles/Alpha Blended' not found
Refreshing native plugins compatible for Editor in 0.45 ms, found 0 plugins.
Preloading 0 native plugins for Editor in 0.00 ms.
Unloading 1515 Unused Serialized files (Serialized files now loaded: 0)
System memory in use before: 98.1 MB.
System memory in use after: 98.2 MB.

Unloading 5 unused Assets to reduce memory usage. Loaded Objects now: 2072.
Total: 2.965700 ms (FindLiveObjects: 0.226500 ms CreateObjectMapping: 0.081500 ms MarkObjects: 2.552400 ms  DeleteObjects: 0.104100 ms)

========================================================================
Received Prepare
Registering precompiled user dll's ...
Registered in 0.001157 seconds.
Begin MonoManager ReloadAssembly
Native extension for WindowsStandalone target not found
Refreshing native plugins compatible for Editor in 0.44 ms, found 0 plugins.
Preloading 0 native plugins for Editor in 0.00 ms.
Mono: successfully reloaded assembly
- Completed reload, in  1.426 seconds
Platform modules already initialized, skipping
Shader 'Custom/RainShader': fallback shader 'Particles/Alpha Blended' not found
Refreshing native plugins compatible for Editor in 0.46 ms, found 0 plugins.
Preloading 0 native plugins for Editor in 0.00 ms.
Unloading 1515 Unused Serialized files (Serialized files now loaded: 0)
System memory in use before: 98.1 MB.
System memory in use after: 98.2 MB.

Unloading 5 unused Assets to reduce memory usage. Loaded Objects now: 2075.
Total: 3.922400 ms (FindLiveObjects: 0.343700 ms CreateObjectMapping: 0.218500 ms MarkObjects: 3.237600 ms  DeleteObjects: 0.120900 ms)

========================================================================
Received Prepare
Registering precompiled user dll's ...
Registered in 0.001113 seconds.
Begin MonoManager ReloadAssembly
Native extension for WindowsStandalone target not found
Refreshing native plugins compatible for Editor in 0.50 ms, found 0 plugins.
Preloading 0 native plugins for Editor in 0.00 ms.
Mono: successfully reloaded assembly
- Completed reload, in  1.388 seconds
Platform modules already initialized, skipping
Shader 'Custom/RainShader': fallback shader 'Particles/Alpha Blended' not found
Refreshing native plugins compatible for Editor in 0.47 ms, found 0 plugins.
Preloading 0 native plugins for Editor in 0.00 ms.
Unloading 1515 Unused Serialized files (Serialized files now loaded: 0)
System memory in use before: 98.1 MB.
System memory in use after: 98.2 MB.

Unloading 5 unused Assets to reduce memory usage. Loaded Objects now: 2078.
Total: 3.903200 ms (FindLiveObjects: 0.618100 ms CreateObjectMapping: 0.270800 ms MarkObjects: 2.900100 ms  DeleteObjects: 0.111600 ms)

========================================================================
Received Prepare
Registering precompiled user dll's ...
Registered in 0.001424 seconds.
Begin MonoManager ReloadAssembly
Native extension for WindowsStandalone target not found
Refreshing native plugins compatible for Editor in 0.46 ms, found 0 plugins.
Preloading 0 native plugins for Editor in 0.00 ms.
Mono: successfully reloaded assembly
- Completed reload, in  1.400 seconds
Platform modules already initialized, skipping
Shader 'Custom/RainShader': fallback shader 'Particles/Alpha Blended' not found
Refreshing native plugins compatible for Editor in 0.45 ms, found 0 plugins.
Preloading 0 native plugins for Editor in 0.00 ms.
Unloading 1515 Unused Serialized files (Serialized files now loaded: 0)
System memory in use before: 98.1 MB.
System memory in use after: 98.2 MB.

Unloading 5 unused Assets to reduce memory usage. Loaded Objects now: 2081.
Total: 4.006900 ms (FindLiveObjects: 0.377100 ms CreateObjectMapping: 0.175300 ms MarkObjects: 3.333800 ms  DeleteObjects: 0.118900 ms)

========================================================================
Received Prepare
Registering precompiled user dll's ...
Registered in 0.001202 seconds.
Begin MonoManager ReloadAssembly
Native extension for WindowsStandalone target not found
Refreshing native plugins compatible for Editor in 0.46 ms, found 0 plugins.
Preloading 0 native plugins for Editor in 0.00 ms.
Mono: successfully reloaded assembly
- Completed reload, in  1.448 seconds
Platform modules already initialized, skipping
Shader 'Custom/RainShader': fallback shader 'Particles/Alpha Blended' not found
Refreshing native plugins compatible for Editor in 0.49 ms, found 0 plugins.
Preloading 0 native plugins for Editor in 0.00 ms.
Unloading 1515 Unused Serialized files (Serialized files now loaded: 0)
System memory in use before: 98.1 MB.
System memory in use after: 98.2 MB.

Unloading 5 unused Assets to reduce memory usage. Loaded Objects now: 2084.
Total: 3.685200 ms (FindLiveObjects: 0.281600 ms CreateObjectMapping: 0.092700 ms MarkObjects: 3.185400 ms  DeleteObjects: 0.122800 ms)

========================================================================
Received Import Request.
  Time since last request: 9382.162795 seconds.
  path: Assets/Scenes/GameMenu.unity
  artifactKey: Guid(2df4e4a226633a64b90439a098c52d59) Importer(815301076,1909f56bfc062723c751e8b465ee728b)
Start importing Assets/Scenes/GameMenu.unity using Guid(2df4e4a226633a64b90439a098c52d59) Importer(815301076,1909f56bfc062723c751e8b465ee728b)  -> (artifact id: '9290aefe83324663dc95cbf35e7126e9') in 0.027165 seconds
  Import took 0.031971 seconds .

========================================================================
Received Prepare
Registering precompiled user dll's ...
Registered in 0.001270 seconds.
Begin MonoManager ReloadAssembly
Native extension for WindowsStandalone target not found
Refreshing native plugins compatible for Editor in 0.46 ms, found 0 plugins.
Preloading 0 native plugins for Editor in 0.00 ms.
Mono: successfully reloaded assembly
- Completed reload, in  1.469 seconds
Platform modules already initialized, skipping
Shader 'Custom/RainShader': fallback shader 'Particles/Alpha Blended' not found
Refreshing native plugins compatible for Editor in 0.47 ms, found 0 plugins.
Preloading 0 native plugins for Editor in 0.00 ms.
Unloading 1515 Unused Serialized files (Serialized files now loaded: 0)
System memory in use before: 98.1 MB.
System memory in use after: 98.2 MB.

Unloading 5 unused Assets to reduce memory usage. Loaded Objects now: 2087.
Total: 4.903500 ms (FindLiveObjects: 0.503400 ms CreateObjectMapping: 0.152500 ms MarkObjects: 4.091100 ms  DeleteObjects: 0.152500 ms)

========================================================================
Received Prepare
Registering precompiled user dll's ...
Registered in 0.001240 seconds.
Begin MonoManager ReloadAssembly
Native extension for WindowsStandalone target not found
Refreshing native plugins compatible for Editor in 0.49 ms, found 0 plugins.
Preloading 0 native plugins for Editor in 0.00 ms.
Mono: successfully reloaded assembly
- Completed reload, in  1.958 seconds
Platform modules already initialized, skipping
Shader 'Custom/RainShader': fallback shader 'Particles/Alpha Blended' not found
Refreshing native plugins compatible for Editor in 0.57 ms, found 0 plugins.
Preloading 0 native plugins for Editor in 0.00 ms.
Unloading 1515 Unused Serialized files (Serialized files now loaded: 0)
System memory in use before: 98.1 MB.
System memory in use after: 98.2 MB.

Unloading 5 unused Assets to reduce memory usage. Loaded Objects now: 2090.
Total: 3.181300 ms (FindLiveObjects: 0.345500 ms CreateObjectMapping: 0.148700 ms MarkObjects: 2.572300 ms  DeleteObjects: 0.112700 ms)

========================================================================
Received Import Request.
  Time since last request: 340.944438 seconds.
  path: Assets/Scenes/FPS.unity
  artifactKey: Guid(9fc0d4010bbf28b4594072e72b8655ab) Importer(815301076,1909f56bfc062723c751e8b465ee728b)
Start importing Assets/Scenes/FPS.unity using Guid(9fc0d4010bbf28b4594072e72b8655ab) Importer(815301076,1909f56bfc062723c751e8b465ee728b)  -> (artifact id: '2a7677b64e4a9db47204377ea0c8a7d9') in 0.025740 seconds
  Import took 0.031203 seconds .

========================================================================
Received Import Request.
  Time since last request: 13.329772 seconds.
  path: Assets/Scenes/FPS.unity
  artifactKey: Guid(9fc0d4010bbf28b4594072e72b8655ab) Importer(815301076,1909f56bfc062723c751e8b465ee728b)
Start importing Assets/Scenes/FPS.unity using Guid(9fc0d4010bbf28b4594072e72b8655ab) Importer(815301076,1909f56bfc062723c751e8b465ee728b)  -> (artifact id: 'e5fb29a79c6dadbd7188afc79f971ddd') in 0.003636 seconds
  Import took 0.007933 seconds .

========================================================================
Received Prepare
Registering precompiled user dll's ...
Registered in 0.001559 seconds.
Begin MonoManager ReloadAssembly
Native extension for WindowsStandalone target not found
Refreshing native plugins compatible for Editor in 0.47 ms, found 0 plugins.
Preloading 0 native plugins for Editor in 0.00 ms.
Mono: successfully reloaded assembly
- Completed reload, in  1.476 seconds
Platform modules already initialized, skipping
Shader 'Custom/RainShader': fallback shader 'Particles/Alpha Blended' not found
Refreshing native plugins compatible for Editor in 0.45 ms, found 0 plugins.
Preloading 0 native plugins for Editor in 0.00 ms.
Unloading 1515 Unused Serialized files (Serialized files now loaded: 0)
System memory in use before: 98.1 MB.
System memory in use after: 98.2 MB.

Unloading 5 unused Assets to reduce memory usage. Loaded Objects now: 2093.
Total: 3.041900 ms (FindLiveObjects: 0.242600 ms CreateObjectMapping: 0.081900 ms MarkObjects: 2.602200 ms  DeleteObjects: 0.113300 ms)

========================================================================
Received Prepare
Registering precompiled user dll's ...
Registered in 0.001076 seconds.
Begin MonoManager ReloadAssembly
Native extension for WindowsStandalone target not found
Refreshing native plugins compatible for Editor in 0.46 ms, found 0 plugins.
Preloading 0 native plugins for Editor in 0.00 ms.
Mono: successfully reloaded assembly
- Completed reload, in  1.393 seconds
Platform modules already initialized, skipping
Shader 'Custom/RainShader': fallback shader 'Particles/Alpha Blended' not found
Refreshing native plugins compatible for Editor in 0.45 ms, found 0 plugins.
Preloading 0 native plugins for Editor in 0.00 ms.
Unloading 1515 Unused Serialized files (Serialized files now loaded: 0)
System memory in use before: 98.2 MB.
System memory in use after: 98.2 MB.

Unloading 5 unused Assets to reduce memory usage. Loaded Objects now: 2096.
Total: 3.010300 ms (FindLiveObjects: 0.335500 ms CreateObjectMapping: 0.099800 ms MarkObjects: 2.468100 ms  DeleteObjects: 0.105200 ms)

========================================================================
Received Import Request.
  Time since last request: 266.219026 seconds.
  path: Assets/Scripts/FPSMovement.cs
  artifactKey: Guid(fd798e9d07fd4c7419bf9f5c128200ce) Importer(815301076,1909f56bfc062723c751e8b465ee728b)
Start importing Assets/Scripts/FPSMovement.cs using Guid(fd798e9d07fd4c7419bf9f5c128200ce) Importer(815301076,1909f56bfc062723c751e8b465ee728b)  -> (artifact id: '62e82df67ce3ef6101054cbb3449517b') in 0.018776 seconds
  Import took 0.023010 seconds .

========================================================================
Received Prepare
Registering precompiled user dll's ...
Registered in 0.001119 seconds.
Begin MonoManager ReloadAssembly
Native extension for WindowsStandalone target not found
Refreshing native plugins compatible for Editor in 0.44 ms, found 0 plugins.
Preloading 0 native plugins for Editor in 0.00 ms.
Mono: successfully reloaded assembly
- Completed reload, in  1.424 seconds
Platform modules already initialized, skipping
Shader 'Custom/RainShader': fallback shader 'Particles/Alpha Blended' not found
Refreshing native plugins compatible for Editor in 0.48 ms, found 0 plugins.
Preloading 0 native plugins for Editor in 0.00 ms.
Unloading 1515 Unused Serialized files (Serialized files now loaded: 0)
System memory in use before: 98.2 MB.
System memory in use after: 98.2 MB.

Unloading 5 unused Assets to reduce memory usage. Loaded Objects now: 2099.
Total: 3.022000 ms (FindLiveObjects: 0.319800 ms CreateObjectMapping: 0.081200 ms MarkObjects: 2.503400 ms  DeleteObjects: 0.115300 ms)

========================================================================
Received Prepare
Registering precompiled user dll's ...
Registered in 0.001223 seconds.
Begin MonoManager ReloadAssembly
Native extension for WindowsStandalone target not found
Refreshing native plugins compatible for Editor in 0.46 ms, found 0 plugins.
Preloading 0 native plugins for Editor in 0.00 ms.
Mono: successfully reloaded assembly
- Completed reload, in  1.300 seconds
Platform modules already initialized, skipping
Shader 'Custom/RainShader': fallback shader 'Particles/Alpha Blended' not found
Refreshing native plugins compatible for Editor in 0.47 ms, found 0 plugins.
Preloading 0 native plugins for Editor in 0.00 ms.
Unloading 1515 Unused Serialized files (Serialized files now loaded: 0)
System memory in use before: 98.2 MB.
System memory in use after: 98.3 MB.

Unloading 5 unused Assets to reduce memory usage. Loaded Objects now: 2102.
Total: 2.913900 ms (FindLiveObjects: 0.239500 ms CreateObjectMapping: 0.096300 ms MarkObjects: 2.470200 ms  DeleteObjects: 0.106900 ms)

========================================================================
Received Import Request.
  Time since last request: 4791.965371 seconds.
  path: Assets/Scripts/New Folder
  artifactKey: Guid(c3899b01cc8f1ab4399e6261a8ea9ecb) Importer(815301076,1909f56bfc062723c751e8b465ee728b)
Start importing Assets/Scripts/New Folder using Guid(c3899b01cc8f1ab4399e6261a8ea9ecb) Importer(815301076,1909f56bfc062723c751e8b465ee728b)  -> (artifact id: 'cb73d65bd299938d7b98dba63af3c4f1') in 0.018077 seconds
  Import took 0.023743 seconds .

========================================================================
Received Import Request.
  Time since last request: 9.878711 seconds.
  path: Assets/Scripts/RockThrow.cs
  artifactKey: Guid(2eb72d31ef33c9248b8a566c0b5421bd) Importer(815301076,1909f56bfc062723c751e8b465ee728b)
Start importing Assets/Scripts/RockThrow.cs using Guid(2eb72d31ef33c9248b8a566c0b5421bd) Importer(815301076,1909f56bfc062723c751e8b465ee728b)  -> (artifact id: '5fdd2e5c3e5ac01e6aa076286b2ff686') in 0.012571 seconds
  Import took 0.018221 seconds .

========================================================================
Received Prepare
Registering precompiled user dll's ...
Registered in 0.001747 seconds.
Begin MonoManager ReloadAssembly
Native extension for WindowsStandalone target not found
Refreshing native plugins compatible for Editor in 0.45 ms, found 0 plugins.
Preloading 0 native plugins for Editor in 0.00 ms.
Mono: successfully reloaded assembly
- Completed reload, in  1.387 seconds
Platform modules already initialized, skipping
Shader 'Custom/RainShader': fallback shader 'Particles/Alpha Blended' not found
Refreshing native plugins compatible for Editor in 0.45 ms, found 0 plugins.
Preloading 0 native plugins for Editor in 0.00 ms.
Unloading 1516 Unused Serialized files (Serialized files now loaded: 0)
System memory in use before: 98.2 MB.
System memory in use after: 98.3 MB.

Unloading 5 unused Assets to reduce memory usage. Loaded Objects now: 2106.
Total: 3.791700 ms (FindLiveObjects: 0.418800 ms CreateObjectMapping: 0.239700 ms MarkObjects: 3.014700 ms  DeleteObjects: 0.116900 ms)

========================================================================
Received Import Request.
  Time since last request: 52.165576 seconds.
  path: ProjectSettings/TagManager.asset
  artifactKey: Guid(00000000000000003000000000000000) Importer(815301076,1909f56bfc062723c751e8b465ee728b)
Start importing ProjectSettings/TagManager.asset using Guid(00000000000000003000000000000000) Importer(815301076,1909f56bfc062723c751e8b465ee728b)  -> (artifact id: '1e0b7e50ae4a6462b77d49ae8ba76c5f') in 0.053912 seconds
  Import took 0.067670 seconds .

========================================================================
Received Prepare
Registering precompiled user dll's ...
Registered in 0.001137 seconds.
Begin MonoManager ReloadAssembly
Native extension for WindowsStandalone target not found
Refreshing native plugins compatible for Editor in 0.46 ms, found 0 plugins.
Preloading 0 native plugins for Editor in 0.00 ms.
Mono: successfully reloaded assembly
- Completed reload, in  1.422 seconds
Platform modules already initialized, skipping
Shader 'Custom/RainShader': fallback shader 'Particles/Alpha Blended' not found
Refreshing native plugins compatible for Editor in 0.45 ms, found 0 plugins.
Preloading 0 native plugins for Editor in 0.00 ms.
Unloading 1516 Unused Serialized files (Serialized files now loaded: 0)
System memory in use before: 98.2 MB.
System memory in use after: 98.3 MB.

Unloading 6 unused Assets to reduce memory usage. Loaded Objects now: 2109.
Total: 3.083300 ms (FindLiveObjects: 0.378100 ms CreateObjectMapping: 0.103700 ms MarkObjects: 2.480800 ms  DeleteObjects: 0.119000 ms)

========================================================================
Received Prepare
Registering precompiled user dll's ...
Registered in 0.001065 seconds.
Begin MonoManager ReloadAssembly
Native extension for WindowsStandalone target not found
Refreshing native plugins compatible for Editor in 0.46 ms, found 0 plugins.
Preloading 0 native plugins for Editor in 0.00 ms.
Mono: successfully reloaded assembly
- Completed reload, in  1.394 seconds
Platform modules already initialized, skipping
Shader 'Custom/RainShader': fallback shader 'Particles/Alpha Blended' not found
Refreshing native plugins compatible for Editor in 0.46 ms, found 0 plugins.
Preloading 0 native plugins for Editor in 0.00 ms.
Unloading 1516 Unused Serialized files (Serialized files now loaded: 0)
System memory in use before: 98.2 MB.
System memory in use after: 98.3 MB.

Unloading 5 unused Assets to reduce memory usage. Loaded Objects now: 2112.
Total: 3.354300 ms (FindLiveObjects: 0.586400 ms CreateObjectMapping: 0.210400 ms MarkObjects: 2.450000 ms  DeleteObjects: 0.105400 ms)

========================================================================
Received Prepare
Registering precompiled user dll's ...
Registered in 0.001191 seconds.
Begin MonoManager ReloadAssembly
Native extension for WindowsStandalone target not found
Refreshing native plugins compatible for Editor in 0.51 ms, found 0 plugins.
Preloading 0 native plugins for Editor in 0.00 ms.
Mono: successfully reloaded assembly
- Completed reload, in  1.363 seconds
Platform modules already initialized, skipping
Shader 'Custom/RainShader': fallback shader 'Particles/Alpha Blended' not found
Refreshing native plugins compatible for Editor in 0.44 ms, found 0 plugins.
Preloading 0 native plugins for Editor in 0.00 ms.
Unloading 1516 Unused Serialized files (Serialized files now loaded: 0)
System memory in use before: 98.2 MB.
System memory in use after: 98.3 MB.

Unloading 5 unused Assets to reduce memory usage. Loaded Objects now: 2115.
Total: 2.598300 ms (FindLiveObjects: 0.255500 ms CreateObjectMapping: 0.082500 ms MarkObjects: 2.160900 ms  DeleteObjects: 0.097900 ms)

========================================================================
Received Prepare
Registering precompiled user dll's ...
Registered in 0.001105 seconds.
Begin MonoManager ReloadAssembly
Native extension for WindowsStandalone target not found
Refreshing native plugins compatible for Editor in 0.50 ms, found 0 plugins.
Preloading 0 native plugins for Editor in 0.00 ms.
Mono: successfully reloaded assembly
- Completed reload, in  1.377 seconds
Platform modules already initialized, skipping
Shader 'Custom/RainShader': fallback shader 'Particles/Alpha Blended' not found
Refreshing native plugins compatible for Editor in 0.45 ms, found 0 plugins.
Preloading 0 native plugins for Editor in 0.00 ms.
Unloading 1516 Unused Serialized files (Serialized files now loaded: 0)
System memory in use before: 98.2 MB.
System memory in use after: 98.3 MB.

Unloading 5 unused Assets to reduce memory usage. Loaded Objects now: 2118.
Total: 3.615100 ms (FindLiveObjects: 0.290800 ms CreateObjectMapping: 0.213800 ms MarkObjects: 2.995900 ms  DeleteObjects: 0.112900 ms)

========================================================================
Received Prepare
Registering precompiled user dll's ...
Registered in 0.001222 seconds.
Begin MonoManager ReloadAssembly
Native extension for WindowsStandalone target not found
Refreshing native plugins compatible for Editor in 0.46 ms, found 0 plugins.
Preloading 0 native plugins for Editor in 0.00 ms.
Mono: successfully reloaded assembly
- Completed reload, in  1.356 seconds
Platform modules already initialized, skipping
Shader 'Custom/RainShader': fallback shader 'Particles/Alpha Blended' not found
Refreshing native plugins compatible for Editor in 0.46 ms, found 0 plugins.
Preloading 0 native plugins for Editor in 0.00 ms.
Unloading 1516 Unused Serialized files (Serialized files now loaded: 0)
System memory in use before: 98.2 MB.
System memory in use after: 98.3 MB.

Unloading 5 unused Assets to reduce memory usage. Loaded Objects now: 2121.
Total: 3.647200 ms (FindLiveObjects: 0.644600 ms CreateObjectMapping: 0.237300 ms MarkObjects: 2.644500 ms  DeleteObjects: 0.118900 ms)

========================================================================
Received Prepare
Registering precompiled user dll's ...
Registered in 0.001168 seconds.
Begin MonoManager ReloadAssembly
Native extension for WindowsStandalone target not found
Refreshing native plugins compatible for Editor in 0.45 ms, found 0 plugins.
Preloading 0 native plugins for Editor in 0.00 ms.
Mono: successfully reloaded assembly
- Completed reload, in  1.552 seconds
Platform modules already initialized, skipping
Shader 'Custom/RainShader': fallback shader 'Particles/Alpha Blended' not found
Refreshing native plugins compatible for Editor in 0.44 ms, found 0 plugins.
Preloading 0 native plugins for Editor in 0.00 ms.
Unloading 1516 Unused Serialized files (Serialized files now loaded: 0)
System memory in use before: 98.3 MB.
System memory in use after: 98.3 MB.

Unloading 5 unused Assets to reduce memory usage. Loaded Objects now: 2124.
Total: 2.715500 ms (FindLiveObjects: 0.246500 ms CreateObjectMapping: 0.080500 ms MarkObjects: 2.284900 ms  DeleteObjects: 0.101700 ms)

========================================================================
Received Prepare
Registering precompiled user dll's ...
Registered in 0.001078 seconds.
Begin MonoManager ReloadAssembly
Native extension for WindowsStandalone target not found
Refreshing native plugins compatible for Editor in 0.45 ms, found 0 plugins.
Preloading 0 native plugins for Editor in 0.00 ms.
Mono: successfully reloaded assembly
- Completed reload, in  1.356 seconds
Platform modules already initialized, skipping
Shader 'Custom/RainShader': fallback shader 'Particles/Alpha Blended' not found
Refreshing native plugins compatible for Editor in 0.45 ms, found 0 plugins.
Preloading 0 native plugins for Editor in 0.00 ms.
Unloading 1516 Unused Serialized files (Serialized files now loaded: 0)
System memory in use before: 98.3 MB.
System memory in use after: 98.3 MB.

Unloading 5 unused Assets to reduce memory usage. Loaded Objects now: 2127.
Total: 3.284400 ms (FindLiveObjects: 0.302800 ms CreateObjectMapping: 0.156000 ms MarkObjects: 2.713500 ms  DeleteObjects: 0.109500 ms)

========================================================================
Received Prepare
Registering precompiled user dll's ...
Registered in 0.001099 seconds.
Begin MonoManager ReloadAssembly
Native extension for WindowsStandalone target not found
Refreshing native plugins compatible for Editor in 0.44 ms, found 0 plugins.
Preloading 0 native plugins for Editor in 0.00 ms.
Mono: successfully reloaded assembly
- Completed reload, in  1.813 seconds
Platform modules already initialized, skipping
Shader 'Custom/RainShader': fallback shader 'Particles/Alpha Blended' not found
Refreshing native plugins compatible for Editor in 0.45 ms, found 0 plugins.
Preloading 0 native plugins for Editor in 0.00 ms.
Unloading 1516 Unused Serialized files (Serialized files now loaded: 0)
System memory in use before: 98.3 MB.
System memory in use after: 98.4 MB.

Unloading 5 unused Assets to reduce memory usage. Loaded Objects now: 2130.
Total: 3.295500 ms (FindLiveObjects: 0.335600 ms CreateObjectMapping: 0.150100 ms MarkObjects: 2.703300 ms  DeleteObjects: 0.104200 ms)

========================================================================
Received Prepare
Registering precompiled user dll's ...
Registered in 0.001627 seconds.
Begin MonoManager ReloadAssembly
Native extension for WindowsStandalone target not found
Refreshing native plugins compatible for Editor in 0.77 ms, found 0 plugins.
Preloading 0 native plugins for Editor in 0.00 ms.
Mono: successfully reloaded assembly
- Completed reload, in  1.351 seconds
Platform modules already initialized, skipping
Shader 'Custom/RainShader': fallback shader 'Particles/Alpha Blended' not found
Refreshing native plugins compatible for Editor in 0.98 ms, found 0 plugins.
Preloading 0 native plugins for Editor in 0.00 ms.
Unloading 1516 Unused Serialized files (Serialized files now loaded: 0)
System memory in use before: 98.3 MB.
System memory in use after: 98.4 MB.

Unloading 5 unused Assets to reduce memory usage. Loaded Objects now: 2133.
Total: 3.658600 ms (FindLiveObjects: 0.373600 ms CreateObjectMapping: 0.117300 ms MarkObjects: 3.043300 ms  DeleteObjects: 0.122300 ms)

========================================================================
Received Prepare
Registering precompiled user dll's ...
Registered in 0.001087 seconds.
Begin MonoManager ReloadAssembly
Native extension for WindowsStandalone target not found
Refreshing native plugins compatible for Editor in 0.47 ms, found 0 plugins.
Preloading 0 native plugins for Editor in 0.00 ms.
Mono: successfully reloaded assembly
- Completed reload, in  1.356 seconds
Platform modules already initialized, skipping
Shader 'Custom/RainShader': fallback shader 'Particles/Alpha Blended' not found
Refreshing native plugins compatible for Editor in 0.77 ms, found 0 plugins.
Preloading 0 native plugins for Editor in 0.00 ms.
Unloading 1516 Unused Serialized files (Serialized files now loaded: 0)
System memory in use before: 98.3 MB.
System memory in use after: 98.4 MB.

Unloading 5 unused Assets to reduce memory usage. Loaded Objects now: 2136.
Total: 2.621900 ms (FindLiveObjects: 0.274200 ms CreateObjectMapping: 0.082800 ms MarkObjects: 2.165200 ms  DeleteObjects: 0.098600 ms)

========================================================================
Received Prepare
Registering precompiled user dll's ...
Registered in 0.001137 seconds.
Begin MonoManager ReloadAssembly
Native extension for WindowsStandalone target not found
Refreshing native plugins compatible for Editor in 0.44 ms, found 0 plugins.
Preloading 0 native plugins for Editor in 0.00 ms.
Mono: successfully reloaded assembly
- Completed reload, in  1.314 seconds
Platform modules already initialized, skipping
Shader 'Custom/RainShader': fallback shader 'Particles/Alpha Blended' not found
Refreshing native plugins compatible for Editor in 0.44 ms, found 0 plugins.
Preloading 0 native plugins for Editor in 0.00 ms.
Unloading 1516 Unused Serialized files (Serialized files now loaded: 0)
System memory in use before: 98.3 MB.
System memory in use after: 98.4 MB.

Unloading 5 unused Assets to reduce memory usage. Loaded Objects now: 2139.
Total: 2.769600 ms (FindLiveObjects: 0.272200 ms CreateObjectMapping: 0.080300 ms MarkObjects: 2.309400 ms  DeleteObjects: 0.106000 ms)

========================================================================
Received Prepare
Registering precompiled user dll's ...
Registered in 0.001082 seconds.
Begin MonoManager ReloadAssembly
Native extension for WindowsStandalone target not found
Refreshing native plugins compatible for Editor in 0.47 ms, found 0 plugins.
Preloading 0 native plugins for Editor in 0.00 ms.
Mono: successfully reloaded assembly
- Completed reload, in  1.387 seconds
Platform modules already initialized, skipping
Shader 'Custom/RainShader': fallback shader 'Particles/Alpha Blended' not found
Refreshing native plugins compatible for Editor in 0.45 ms, found 0 plugins.
Preloading 0 native plugins for Editor in 0.00 ms.
Unloading 1516 Unused Serialized files (Serialized files now loaded: 0)
System memory in use before: 98.3 MB.
System memory in use after: 98.4 MB.

Unloading 5 unused Assets to reduce memory usage. Loaded Objects now: 2142.
Total: 3.688200 ms (FindLiveObjects: 0.392100 ms CreateObjectMapping: 0.156100 ms MarkObjects: 3.022600 ms  DeleteObjects: 0.114700 ms)

========================================================================
Received Prepare
Registering precompiled user dll's ...
Registered in 0.001109 seconds.
Begin MonoManager ReloadAssembly
Native extension for WindowsStandalone target not found
Refreshing native plugins compatible for Editor in 0.48 ms, found 0 plugins.
Preloading 0 native plugins for Editor in 0.00 ms.
Mono: successfully reloaded assembly
- Completed reload, in  1.326 seconds
Platform modules already initialized, skipping
Shader 'Custom/RainShader': fallback shader 'Particles/Alpha Blended' not found
Refreshing native plugins compatible for Editor in 0.46 ms, found 0 plugins.
Preloading 0 native plugins for Editor in 0.00 ms.
Unloading 1516 Unused Serialized files (Serialized files now loaded: 0)
System memory in use before: 98.3 MB.
System memory in use after: 98.4 MB.

Unloading 5 unused Assets to reduce memory usage. Loaded Objects now: 2145.
Total: 3.005600 ms (FindLiveObjects: 0.352700 ms CreateObjectMapping: 0.116300 ms MarkObjects: 2.424600 ms  DeleteObjects: 0.109800 ms)

========================================================================
Received Prepare
Registering precompiled user dll's ...
Registered in 0.001668 seconds.
Begin MonoManager ReloadAssembly
Native extension for WindowsStandalone target not found
Refreshing native plugins compatible for Editor in 0.46 ms, found 0 plugins.
Preloading 0 native plugins for Editor in 0.00 ms.
Mono: successfully reloaded assembly
- Completed reload, in  1.316 seconds
Platform modules already initialized, skipping
Shader 'Custom/RainShader': fallback shader 'Particles/Alpha Blended' not found
Refreshing native plugins compatible for Editor in 0.45 ms, found 0 plugins.
Preloading 0 native plugins for Editor in 0.00 ms.
Unloading 1516 Unused Serialized files (Serialized files now loaded: 0)
System memory in use before: 98.3 MB.
System memory in use after: 98.4 MB.

Unloading 5 unused Assets to reduce memory usage. Loaded Objects now: 2148.
Total: 3.055200 ms (FindLiveObjects: 0.289000 ms CreateObjectMapping: 0.142900 ms MarkObjects: 2.513100 ms  DeleteObjects: 0.108200 ms)

========================================================================
Received Prepare
Registering precompiled user dll's ...
Registered in 0.001256 seconds.
Begin MonoManager ReloadAssembly
Native extension for WindowsStandalone target not found
Refreshing native plugins compatible for Editor in 0.46 ms, found 0 plugins.
Preloading 0 native plugins for Editor in 0.00 ms.
Mono: successfully reloaded assembly
- Completed reload, in  1.299 seconds
Platform modules already initialized, skipping
Shader 'Custom/RainShader': fallback shader 'Particles/Alpha Blended' not found
Refreshing native plugins compatible for Editor in 0.46 ms, found 0 plugins.
Preloading 0 native plugins for Editor in 0.00 ms.
Unloading 1516 Unused Serialized files (Serialized files now loaded: 0)
System memory in use before: 98.3 MB.
System memory in use after: 98.4 MB.

Unloading 5 unused Assets to reduce memory usage. Loaded Objects now: 2151.
Total: 3.018900 ms (FindLiveObjects: 0.245500 ms CreateObjectMapping: 0.078200 ms MarkObjects: 2.585600 ms  DeleteObjects: 0.108200 ms)

========================================================================
Received Prepare
Registering precompiled user dll's ...
Registered in 0.001025 seconds.
Begin MonoManager ReloadAssembly
Native extension for WindowsStandalone target not found
Refreshing native plugins compatible for Editor in 0.49 ms, found 0 plugins.
Preloading 0 native plugins for Editor in 0.00 ms.
Mono: successfully reloaded assembly
- Completed reload, in  1.330 seconds
Platform modules already initialized, skipping
Shader 'Custom/RainShader': fallback shader 'Particles/Alpha Blended' not found
Refreshing native plugins compatible for Editor in 0.46 ms, found 0 plugins.
Preloading 0 native plugins for Editor in 0.00 ms.
Unloading 1516 Unused Serialized files (Serialized files now loaded: 0)
System memory in use before: 98.3 MB.
System memory in use after: 98.4 MB.

Unloading 5 unused Assets to reduce memory usage. Loaded Objects now: 2154.
Total: 3.643700 ms (FindLiveObjects: 0.435100 ms CreateObjectMapping: 0.191300 ms MarkObjects: 2.898300 ms  DeleteObjects: 0.117300 ms)

========================================================================
Received Prepare
Registering precompiled user dll's ...
Registered in 0.001265 seconds.
Begin MonoManager ReloadAssembly
Native extension for WindowsStandalone target not found
Refreshing native plugins compatible for Editor in 0.47 ms, found 0 plugins.
Preloading 0 native plugins for Editor in 0.00 ms.
Mono: successfully reloaded assembly
- Completed reload, in  1.338 seconds
Platform modules already initialized, skipping
Shader 'Custom/RainShader': fallback shader 'Particles/Alpha Blended' not found
Refreshing native plugins compatible for Editor in 0.46 ms, found 0 plugins.
Preloading 0 native plugins for Editor in 0.00 ms.
Unloading 1516 Unused Serialized files (Serialized files now loaded: 0)
System memory in use before: 98.3 MB.
System memory in use after: 98.4 MB.

Unloading 5 unused Assets to reduce memory usage. Loaded Objects now: 2157.
Total: 3.192300 ms (FindLiveObjects: 0.318500 ms CreateObjectMapping: 0.081400 ms MarkObjects: 2.667300 ms  DeleteObjects: 0.123500 ms)

========================================================================
Received Prepare
Registering precompiled user dll's ...
Registered in 0.001012 seconds.
Begin MonoManager ReloadAssembly
Native extension for WindowsStandalone target not found
Refreshing native plugins compatible for Editor in 0.48 ms, found 0 plugins.
Preloading 0 native plugins for Editor in 0.00 ms.
Mono: successfully reloaded assembly
- Completed reload, in  1.380 seconds
Platform modules already initialized, skipping
Shader 'Custom/RainShader': fallback shader 'Particles/Alpha Blended' not found
Refreshing native plugins compatible for Editor in 0.47 ms, found 0 plugins.
Preloading 0 native plugins for Editor in 0.00 ms.
Unloading 1516 Unused Serialized files (Serialized files now loaded: 0)
System memory in use before: 98.4 MB.
System memory in use after: 98.4 MB.

Unloading 5 unused Assets to reduce memory usage. Loaded Objects now: 2160.
Total: 3.375000 ms (FindLiveObjects: 0.414600 ms CreateObjectMapping: 0.168600 ms MarkObjects: 2.670600 ms  DeleteObjects: 0.118700 ms)

========================================================================
Received Prepare
Registering precompiled user dll's ...
Registered in 0.001443 seconds.
Begin MonoManager ReloadAssembly
Native extension for WindowsStandalone target not found
Refreshing native plugins compatible for Editor in 0.45 ms, found 0 plugins.
Preloading 0 native plugins for Editor in 0.00 ms.
Mono: successfully reloaded assembly
- Completed reload, in  1.338 seconds
Platform modules already initialized, skipping
Shader 'Custom/RainShader': fallback shader 'Particles/Alpha Blended' not found
Refreshing native plugins compatible for Editor in 0.47 ms, found 0 plugins.
Preloading 0 native plugins for Editor in 0.00 ms.
Unloading 1516 Unused Serialized files (Serialized files now loaded: 0)
System memory in use before: 98.4 MB.
System memory in use after: 98.4 MB.

Unloading 5 unused Assets to reduce memory usage. Loaded Objects now: 2163.
Total: 3.601400 ms (FindLiveObjects: 0.421200 ms CreateObjectMapping: 0.189500 ms MarkObjects: 2.878200 ms  DeleteObjects: 0.110700 ms)

========================================================================
Received Prepare
Registering precompiled user dll's ...
Registered in 0.001326 seconds.
Begin MonoManager ReloadAssembly
Native extension for WindowsStandalone target not found
Refreshing native plugins compatible for Editor in 0.56 ms, found 0 plugins.
Preloading 0 native plugins for Editor in 0.00 ms.
Mono: successfully reloaded assembly
- Completed reload, in  1.520 seconds
Platform modules already initialized, skipping
Shader 'Custom/RainShader': fallback shader 'Particles/Alpha Blended' not found
Refreshing native plugins compatible for Editor in 0.81 ms, found 0 plugins.
Preloading 0 native plugins for Editor in 0.00 ms.
Unloading 1516 Unused Serialized files (Serialized files now loaded: 0)
System memory in use before: 98.4 MB.
System memory in use after: 98.4 MB.

Unloading 5 unused Assets to reduce memory usage. Loaded Objects now: 2166.
Total: 3.020000 ms (FindLiveObjects: 0.243000 ms CreateObjectMapping: 0.081500 ms MarkObjects: 2.561200 ms  DeleteObjects: 0.132900 ms)

========================================================================
Received Prepare
Registering precompiled user dll's ...
Registered in 0.001624 seconds.
Begin MonoManager ReloadAssembly
Native extension for WindowsStandalone target not found
Refreshing native plugins compatible for Editor in 0.46 ms, found 0 plugins.
Preloading 0 native plugins for Editor in 0.00 ms.
Mono: successfully reloaded assembly
- Completed reload, in  1.444 seconds
Platform modules already initialized, skipping
Shader 'Custom/RainShader': fallback shader 'Particles/Alpha Blended' not found
Refreshing native plugins compatible for Editor in 0.46 ms, found 0 plugins.
Preloading 0 native plugins for Editor in 0.00 ms.
Unloading 1516 Unused Serialized files (Serialized files now loaded: 0)
System memory in use before: 98.4 MB.
System memory in use after: 98.5 MB.

Unloading 5 unused Assets to reduce memory usage. Loaded Objects now: 2169.
Total: 3.641800 ms (FindLiveObjects: 0.320400 ms CreateObjectMapping: 0.164800 ms MarkObjects: 3.036400 ms  DeleteObjects: 0.118400 ms)

========================================================================
Received Prepare
Registering precompiled user dll's ...
Registered in 0.001103 seconds.
Begin MonoManager ReloadAssembly
Native extension for WindowsStandalone target not found
Refreshing native plugins compatible for Editor in 0.68 ms, found 0 plugins.
Preloading 0 native plugins for Editor in 0.00 ms.
Mono: successfully reloaded assembly
- Completed reload, in  1.430 seconds
Platform modules already initialized, skipping
Shader 'Custom/RainShader': fallback shader 'Particles/Alpha Blended' not found
Refreshing native plugins compatible for Editor in 0.44 ms, found 0 plugins.
Preloading 0 native plugins for Editor in 0.00 ms.
Unloading 1516 Unused Serialized files (Serialized files now loaded: 0)
System memory in use before: 98.4 MB.
System memory in use after: 98.5 MB.

Unloading 5 unused Assets to reduce memory usage. Loaded Objects now: 2172.
Total: 3.243900 ms (FindLiveObjects: 0.378700 ms CreateObjectMapping: 0.176000 ms MarkObjects: 2.573500 ms  DeleteObjects: 0.113500 ms)

========================================================================
Received Prepare
Registering precompiled user dll's ...
Registered in 0.001029 seconds.
Begin MonoManager ReloadAssembly
Native extension for WindowsStandalone target not found
Refreshing native plugins compatible for Editor in 0.44 ms, found 0 plugins.
Preloading 0 native plugins for Editor in 0.00 ms.
Mono: successfully reloaded assembly
- Completed reload, in  1.338 seconds
Platform modules already initialized, skipping
Shader 'Custom/RainShader': fallback shader 'Particles/Alpha Blended' not found
Refreshing native plugins compatible for Editor in 0.46 ms, found 0 plugins.
Preloading 0 native plugins for Editor in 0.00 ms.
Unloading 1516 Unused Serialized files (Serialized files now loaded: 0)
System memory in use before: 98.4 MB.
System memory in use after: 98.5 MB.

Unloading 5 unused Assets to reduce memory usage. Loaded Objects now: 2175.
Total: 3.037900 ms (FindLiveObjects: 0.350800 ms CreateObjectMapping: 0.110600 ms MarkObjects: 2.459300 ms  DeleteObjects: 0.115100 ms)

========================================================================
Received Prepare
Registering precompiled user dll's ...
Registered in 0.001248 seconds.
Begin MonoManager ReloadAssembly
Native extension for WindowsStandalone target not found
Refreshing native plugins compatible for Editor in 0.48 ms, found 0 plugins.
Preloading 0 native plugins for Editor in 0.00 ms.
Mono: successfully reloaded assembly
- Completed reload, in  1.376 seconds
Platform modules already initialized, skipping
Shader 'Custom/RainShader': fallback shader 'Particles/Alpha Blended' not found
Refreshing native plugins compatible for Editor in 0.46 ms, found 0 plugins.
Preloading 0 native plugins for Editor in 0.00 ms.
Unloading 1516 Unused Serialized files (Serialized files now loaded: 0)
System memory in use before: 98.4 MB.
System memory in use after: 98.5 MB.

Unloading 5 unused Assets to reduce memory usage. Loaded Objects now: 2178.
Total: 3.017600 ms (FindLiveObjects: 0.261000 ms CreateObjectMapping: 0.079200 ms MarkObjects: 2.570400 ms  DeleteObjects: 0.105800 ms)

========================================================================
Received Prepare
Registering precompiled user dll's ...
Registered in 0.001188 seconds.
Begin MonoManager ReloadAssembly
Native extension for WindowsStandalone target not found
Refreshing native plugins compatible for Editor in 0.45 ms, found 0 plugins.
Preloading 0 native plugins for Editor in 0.00 ms.
Mono: successfully reloaded assembly
- Completed reload, in  1.364 seconds
Platform modules already initialized, skipping
Shader 'Custom/RainShader': fallback shader 'Particles/Alpha Blended' not found
Refreshing native plugins compatible for Editor in 0.45 ms, found 0 plugins.
Preloading 0 native plugins for Editor in 0.00 ms.
Unloading 1516 Unused Serialized files (Serialized files now loaded: 0)
System memory in use before: 98.4 MB.
System memory in use after: 98.5 MB.

Unloading 5 unused Assets to reduce memory usage. Loaded Objects now: 2181.
Total: 3.049400 ms (FindLiveObjects: 0.277100 ms CreateObjectMapping: 0.145000 ms MarkObjects: 2.521800 ms  DeleteObjects: 0.104300 ms)

========================================================================
Received Prepare
Registering precompiled user dll's ...
Registered in 0.001223 seconds.
Begin MonoManager ReloadAssembly
Native extension for WindowsStandalone target not found
Refreshing native plugins compatible for Editor in 0.46 ms, found 0 plugins.
Preloading 0 native plugins for Editor in 0.00 ms.
Mono: successfully reloaded assembly
- Completed reload, in  1.380 seconds
Platform modules already initialized, skipping
Shader 'Custom/RainShader': fallback shader 'Particles/Alpha Blended' not found
Refreshing native plugins compatible for Editor in 0.47 ms, found 0 plugins.
Preloading 0 native plugins for Editor in 0.00 ms.
Unloading 1516 Unused Serialized files (Serialized files now loaded: 0)
System memory in use before: 98.4 MB.
System memory in use after: 98.5 MB.

Unloading 5 unused Assets to reduce memory usage. Loaded Objects now: 2184.
Total: 2.921800 ms (FindLiveObjects: 0.264700 ms CreateObjectMapping: 0.078400 ms MarkObjects: 2.475900 ms  DeleteObjects: 0.101400 ms)

========================================================================
Received Prepare
Registering precompiled user dll's ...
Registered in 0.001604 seconds.
Begin MonoManager ReloadAssembly
Native extension for WindowsStandalone target not found
Refreshing native plugins compatible for Editor in 0.45 ms, found 0 plugins.
Preloading 0 native plugins for Editor in 0.00 ms.
Mono: successfully reloaded assembly
- Completed reload, in  1.333 seconds
Platform modules already initialized, skipping
Shader 'Custom/RainShader': fallback shader 'Particles/Alpha Blended' not found
Refreshing native plugins compatible for Editor in 0.46 ms, found 0 plugins.
Preloading 0 native plugins for Editor in 0.00 ms.
Unloading 1516 Unused Serialized files (Serialized files now loaded: 0)
System memory in use before: 98.4 MB.
System memory in use after: 98.5 MB.

Unloading 5 unused Assets to reduce memory usage. Loaded Objects now: 2187.
Total: 2.969500 ms (FindLiveObjects: 0.250100 ms CreateObjectMapping: 0.080300 ms MarkObjects: 2.530900 ms  DeleteObjects: 0.106600 ms)

========================================================================
Received Prepare
Registering precompiled user dll's ...
Registered in 0.001726 seconds.
Begin MonoManager ReloadAssembly
Native extension for WindowsStandalone target not found
Refreshing native plugins compatible for Editor in 0.44 ms, found 0 plugins.
Preloading 0 native plugins for Editor in 0.00 ms.
Mono: successfully reloaded assembly
- Completed reload, in  1.385 seconds
Platform modules already initialized, skipping
Shader 'Custom/RainShader': fallback shader 'Particles/Alpha Blended' not found
Refreshing native plugins compatible for Editor in 0.48 ms, found 0 plugins.
Preloading 0 native plugins for Editor in 0.00 ms.
Unloading 1516 Unused Serialized files (Serialized files now loaded: 0)
System memory in use before: 98.4 MB.
System memory in use after: 98.5 MB.

Unloading 5 unused Assets to reduce memory usage. Loaded Objects now: 2190.
Total: 3.081100 ms (FindLiveObjects: 0.240700 ms CreateObjectMapping: 0.078200 ms MarkObjects: 2.654200 ms  DeleteObjects: 0.106800 ms)

========================================================================
Received Prepare
Registering precompiled user dll's ...
Registered in 0.001164 seconds.
Begin MonoManager ReloadAssembly
Native extension for WindowsStandalone target not found
Refreshing native plugins compatible for Editor in 0.47 ms, found 0 plugins.
Preloading 0 native plugins for Editor in 0.00 ms.
Mono: successfully reloaded assembly
- Completed reload, in  1.489 seconds
Platform modules already initialized, skipping
Shader 'Custom/RainShader': fallback shader 'Particles/Alpha Blended' not found
Refreshing native plugins compatible for Editor in 0.46 ms, found 0 plugins.
Preloading 0 native plugins for Editor in 0.00 ms.
Unloading 1516 Unused Serialized files (Serialized files now loaded: 0)
System memory in use before: 98.5 MB.
System memory in use after: 98.5 MB.

Unloading 5 unused Assets to reduce memory usage. Loaded Objects now: 2193.
Total: 3.445400 ms (FindLiveObjects: 0.529800 ms CreateObjectMapping: 0.167400 ms MarkObjects: 2.630800 ms  DeleteObjects: 0.115300 ms)

========================================================================
Received Prepare
Registering precompiled user dll's ...
Registered in 0.001154 seconds.
Begin MonoManager ReloadAssembly
Native extension for WindowsStandalone target not found
Refreshing native plugins compatible for Editor in 0.44 ms, found 0 plugins.
Preloading 0 native plugins for Editor in 0.00 ms.
Mono: successfully reloaded assembly
- Completed reload, in  1.356 seconds
Platform modules already initialized, skipping
Shader 'Custom/RainShader': fallback shader 'Particles/Alpha Blended' not found
Refreshing native plugins compatible for Editor in 0.47 ms, found 0 plugins.
Preloading 0 native plugins for Editor in 0.00 ms.
Unloading 1516 Unused Serialized files (Serialized files now loaded: 0)
System memory in use before: 98.5 MB.
System memory in use after: 98.5 MB.

Unloading 5 unused Assets to reduce memory usage. Loaded Objects now: 2196.
Total: 3.970300 ms (FindLiveObjects: 0.476200 ms CreateObjectMapping: 0.196700 ms MarkObjects: 3.168200 ms  DeleteObjects: 0.126500 ms)

========================================================================
Received Prepare
Registering precompiled user dll's ...
Registered in 0.001138 seconds.
Begin MonoManager ReloadAssembly
Native extension for WindowsStandalone target not found
Refreshing native plugins compatible for Editor in 0.48 ms, found 0 plugins.
Preloading 0 native plugins for Editor in 0.00 ms.
Mono: successfully reloaded assembly
- Completed reload, in  1.406 seconds
Platform modules already initialized, skipping
Shader 'Custom/RainShader': fallback shader 'Particles/Alpha Blended' not found
Refreshing native plugins compatible for Editor in 0.46 ms, found 0 plugins.
Preloading 0 native plugins for Editor in 0.00 ms.
Unloading 1516 Unused Serialized files (Serialized files now loaded: 0)
System memory in use before: 98.5 MB.
System memory in use after: 98.6 MB.

Unloading 5 unused Assets to reduce memory usage. Loaded Objects now: 2199.
Total: 2.961000 ms (FindLiveObjects: 0.232200 ms CreateObjectMapping: 0.079800 ms MarkObjects: 2.531600 ms  DeleteObjects: 0.116000 ms)

========================================================================
Received Import Request.
  Time since last request: 16961.012673 seconds.
  path: Assets/Scripts/ZoombieLook.cs
  artifactKey: Guid(d17a2b05a8e113c449d49bede46dff9b) Importer(815301076,1909f56bfc062723c751e8b465ee728b)
Start importing Assets/Scripts/ZoombieLook.cs using Guid(d17a2b05a8e113c449d49bede46dff9b) Importer(815301076,1909f56bfc062723c751e8b465ee728b)  -> (artifact id: 'a9730c5dfc63727b4859afc1c2aa8857') in 0.015628 seconds
  Import took 0.035304 seconds .

========================================================================
Received Import Request.
  Time since last request: 0.016997 seconds.
  path: Assets/Scripts/ZoombieLook.cs
  artifactKey: Guid(d17a2b05a8e113c449d49bede46dff9b) Importer(815301076,1909f56bfc062723c751e8b465ee728b)
Start importing Assets/Scripts/ZoombieLook.cs using Guid(d17a2b05a8e113c449d49bede46dff9b) Importer(815301076,1909f56bfc062723c751e8b465ee728b)  -> (artifact id: 'a9730c5dfc63727b4859afc1c2aa8857') in 0.004164 seconds
  Import took 0.008886 seconds .

========================================================================
Received Import Request.
  Time since last request: 1.512145 seconds.
  path: Assets/Scripts/RockThrow.cs
  artifactKey: Guid(2eb72d31ef33c9248b8a566c0b5421bd) Importer(815301076,1909f56bfc062723c751e8b465ee728b)
Start importing Assets/Scripts/RockThrow.cs using Guid(2eb72d31ef33c9248b8a566c0b5421bd) Importer(815301076,1909f56bfc062723c751e8b465ee728b)  -> (artifact id: '2b3b4443817a2c900fdb7d7dfa59ed89') in 0.010066 seconds
  Import took 0.030618 seconds .

========================================================================
Received Import Request.
  Time since last request: 18.406848 seconds.
  path: Assets/Scripts/RockThrow1.cs
  artifactKey: Guid(080d056f612a809429649b5ef6331e16) Importer(815301076,1909f56bfc062723c751e8b465ee728b)
Start importing Assets/Scripts/RockThrow1.cs using Guid(080d056f612a809429649b5ef6331e16) Importer(815301076,1909f56bfc062723c751e8b465ee728b)  -> (artifact id: 'f7844bd1a8259884d0241f4e44fd2dca') in 0.015709 seconds
  Import took 0.031786 seconds .

========================================================================
Received Prepare
Registering precompiled user dll's ...
Registered in 0.001078 seconds.
Begin MonoManager ReloadAssembly
Native extension for WindowsStandalone target not found
Refreshing native plugins compatible for Editor in 0.45 ms, found 0 plugins.
Preloading 0 native plugins for Editor in 0.00 ms.
Mono: successfully reloaded assembly
- Completed reload, in  1.375 seconds
Platform modules already initialized, skipping
Shader 'Custom/RainShader': fallback shader 'Particles/Alpha Blended' not found
Refreshing native plugins compatible for Editor in 0.46 ms, found 0 plugins.
Preloading 0 native plugins for Editor in 0.00 ms.
Unloading 1517 Unused Serialized files (Serialized files now loaded: 0)
System memory in use before: 98.5 MB.
System memory in use after: 98.6 MB.

Unloading 5 unused Assets to reduce memory usage. Loaded Objects now: 2203.
Total: 3.321400 ms (FindLiveObjects: 0.408000 ms CreateObjectMapping: 0.230000 ms MarkObjects: 2.565700 ms  DeleteObjects: 0.115500 ms)

========================================================================
Received Import Request.
  Time since last request: 204.838488 seconds.
  path: Assets/Scripts/RockThrow1.cs
  artifactKey: Guid(080d056f612a809429649b5ef6331e16) Importer(815301076,1909f56bfc062723c751e8b465ee728b)
Start importing Assets/Scripts/RockThrow1.cs using Guid(080d056f612a809429649b5ef6331e16) Importer(815301076,1909f56bfc062723c751e8b465ee728b)  -> (artifact id: 'bf1c439f23c3fe0a28d90ec6a57b5737') in 0.021414 seconds
  Import took 0.097706 seconds .

========================================================================
Received Import Request.
  Time since last request: 2.955871 seconds.
  path: Assets/Scripts/RockThrow1.cs
  artifactKey: Guid(080d056f612a809429649b5ef6331e16) Importer(815301076,1909f56bfc062723c751e8b465ee728b)
Start importing Assets/Scripts/RockThrow1.cs using Guid(080d056f612a809429649b5ef6331e16) Importer(815301076,1909f56bfc062723c751e8b465ee728b)  -> (artifact id: 'bf1c439f23c3fe0a28d90ec6a57b5737') in 0.004514 seconds
  Import took 0.008696 seconds .

========================================================================
Received Prepare
Registering precompiled user dll's ...
Registered in 0.001485 seconds.
Begin MonoManager ReloadAssembly
Native extension for WindowsStandalone target not found
Refreshing native plugins compatible for Editor in 0.46 ms, found 0 plugins.
Preloading 0 native plugins for Editor in 0.00 ms.
Mono: successfully reloaded assembly
- Completed reload, in  1.364 seconds
Platform modules already initialized, skipping
Shader 'Custom/RainShader': fallback shader 'Particles/Alpha Blended' not found
Refreshing native plugins compatible for Editor in 0.45 ms, found 0 plugins.
Preloading 0 native plugins for Editor in 0.00 ms.
Unloading 1517 Unused Serialized files (Serialized files now loaded: 0)
System memory in use before: 98.5 MB.
System memory in use after: 98.6 MB.

Unloading 5 unused Assets to reduce memory usage. Loaded Objects now: 2206.
Total: 2.937000 ms (FindLiveObjects: 0.323500 ms CreateObjectMapping: 0.084200 ms MarkObjects: 2.417300 ms  DeleteObjects: 0.110200 ms)

========================================================================
Received Prepare
Registering precompiled user dll's ...
Registered in 0.001052 seconds.
Begin MonoManager ReloadAssembly
Native extension for WindowsStandalone target not found
Refreshing native plugins compatible for Editor in 0.45 ms, found 0 plugins.
Preloading 0 native plugins for Editor in 0.00 ms.
Mono: successfully reloaded assembly
- Completed reload, in  1.357 seconds
Platform modules already initialized, skipping
Shader 'Custom/RainShader': fallback shader 'Particles/Alpha Blended' not found
Refreshing native plugins compatible for Editor in 0.48 ms, found 0 plugins.
Preloading 0 native plugins for Editor in 0.00 ms.
Unloading 1517 Unused Serialized files (Serialized files now loaded: 0)
System memory in use before: 98.5 MB.
System memory in use after: 98.6 MB.

Unloading 5 unused Assets to reduce memory usage. Loaded Objects now: 2209.
Total: 3.180000 ms (FindLiveObjects: 0.320800 ms CreateObjectMapping: 0.148400 ms MarkObjects: 2.602000 ms  DeleteObjects: 0.106900 ms)

========================================================================
Received Prepare
Registering precompiled user dll's ...
Registered in 0.001004 seconds.
Begin MonoManager ReloadAssembly
Native extension for WindowsStandalone target not found
Refreshing native plugins compatible for Editor in 0.74 ms, found 0 plugins.
Preloading 0 native plugins for Editor in 0.00 ms.
Mono: successfully reloaded assembly
- Completed reload, in  1.456 seconds
Platform modules already initialized, skipping
Shader 'Custom/RainShader': fallback shader 'Particles/Alpha Blended' not found
Refreshing native plugins compatible for Editor in 0.50 ms, found 0 plugins.
Preloading 0 native plugins for Editor in 0.00 ms.
Unloading 1517 Unused Serialized files (Serialized files now loaded: 0)
System memory in use before: 98.5 MB.
System memory in use after: 98.6 MB.

Unloading 5 unused Assets to reduce memory usage. Loaded Objects now: 2212.
Total: 3.047700 ms (FindLiveObjects: 0.378500 ms CreateObjectMapping: 0.104200 ms MarkObjects: 2.453100 ms  DeleteObjects: 0.110000 ms)

========================================================================
Received Prepare
Registering precompiled user dll's ...
Registered in 0.001035 seconds.
Begin MonoManager ReloadAssembly
Native extension for WindowsStandalone target not found
Refreshing native plugins compatible for Editor in 0.46 ms, found 0 plugins.
Preloading 0 native plugins for Editor in 0.00 ms.
Mono: successfully reloaded assembly
- Completed reload, in  1.368 seconds
Platform modules already initialized, skipping
Shader 'Custom/RainShader': fallback shader 'Particles/Alpha Blended' not found
Refreshing native plugins compatible for Editor in 0.45 ms, found 0 plugins.
Preloading 0 native plugins for Editor in 0.00 ms.
Unloading 1517 Unused Serialized files (Serialized files now loaded: 0)
System memory in use before: 98.5 MB.
System memory in use after: 98.6 MB.

Unloading 5 unused Assets to reduce memory usage. Loaded Objects now: 2215.
Total: 2.953900 ms (FindLiveObjects: 0.271300 ms CreateObjectMapping: 0.080200 ms MarkObjects: 2.494200 ms  DeleteObjects: 0.106300 ms)

========================================================================
Received Prepare
Registering precompiled user dll's ...
Registered in 0.001619 seconds.
Begin MonoManager ReloadAssembly
Native extension for WindowsStandalone target not found
Refreshing native plugins compatible for Editor in 0.45 ms, found 0 plugins.
Preloading 0 native plugins for Editor in 0.00 ms.
Mono: successfully reloaded assembly
- Completed reload, in  1.313 seconds
Platform modules already initialized, skipping
Shader 'Custom/RainShader': fallback shader 'Particles/Alpha Blended' not found
Refreshing native plugins compatible for Editor in 0.47 ms, found 0 plugins.
Preloading 0 native plugins for Editor in 0.00 ms.
Unloading 1517 Unused Serialized files (Serialized files now loaded: 0)
System memory in use before: 98.5 MB.
System memory in use after: 98.6 MB.

Unloading 5 unused Assets to reduce memory usage. Loaded Objects now: 2218.
Total: 3.090900 ms (FindLiveObjects: 0.289900 ms CreateObjectMapping: 0.077600 ms MarkObjects: 2.615400 ms  DeleteObjects: 0.106200 ms)

========================================================================
Received Prepare
Registering precompiled user dll's ...
Registered in 0.181370 seconds.
Begin MonoManager ReloadAssembly
Native extension for WindowsStandalone target not found
Refreshing native plugins compatible for Editor in 0.51 ms, found 0 plugins.
Preloading 0 native plugins for Editor in 0.00 ms.
Mono: successfully reloaded assembly
- Completed reload, in  7.746 seconds
Platform modules already initialized, skipping
Shader 'Custom/RainShader': fallback shader 'Particles/Alpha Blended' not found
Refreshing native plugins compatible for Editor in 0.46 ms, found 0 plugins.
Preloading 0 native plugins for Editor in 0.00 ms.
Unloading 1517 Unused Serialized files (Serialized files now loaded: 0)
System memory in use before: 98.6 MB.
System memory in use after: 98.6 MB.

Unloading 5 unused Assets to reduce memory usage. Loaded Objects now: 2221.
Total: 3.604500 ms (FindLiveObjects: 0.300600 ms CreateObjectMapping: 0.150900 ms MarkObjects: 3.041300 ms  DeleteObjects: 0.110700 ms)

